2019-09-17 19:41:02 :: <INFO> :: Initialization Variables set successfully.
2019-09-17 19:41:02 :: <INFO> :: Fetching task details from database.
Warning: Using a password on the command line interface can be insecure.
2019-09-17 19:41:02 :: <INFO> :: Successfully fetched task details from database.
2019-09-17 19:41:02 :: <INFO> :: Fetching role name and node list from data file.
2019-09-17 19:41:02 :: <INFO> :: Successfully fetched role name and node list from data file.
2019-09-17 19:41:02 :: <INFO> :: Creating role to node mapping from data file.
2019-09-17 19:41:02 :: <INFO> :: Finished creating role to node mapping from data file.
Warning: Using a password on the command line interface can be insecure.
2019-09-17 19:41:02 :: <INFO> :: Passing the control over to windows job executor.
2019-09-17 19:41:02 :: <INFO> :: Initialization Variables set successfully in Job Executor.
Warning: Using a password on the command line interface can be insecure.
2019-09-17 19:41:02 :: <INFO> :: Task Status successfully marked 'Running' in database.
2019-09-17 19:41:02 :: <INFO> :: Traversing jobs from role to node mapping file.
2019-09-17 19:41:02 :: <INFO> :: Successfully fetched job id, role name or node name from role to node mapping file.
Warning: Using a password on the command line interface can be insecure.
2019-09-17 19:41:02 :: <INFO> :: Successfully created job with Job ID: 1 in database.
2019-09-17 19:41:03 :: <INFO> :: Successfully found activity directory.
2019-09-17 19:41:55 :: <INFO> :: Job ID: 1 : Executing Role test_patch on Node winnode1.
Warning: Using a password on the command line interface can be insecure.
2019-09-17 19:41:55 :: <INFO> :: Successfully updated job status 'Executing' with Job ID: 1 in database.
winnode1 Starting Chef Client, version 14.12.9[0m
winnode1 
winnode1 [2019-09-17T19:42:23+00:00] INFO: *** Chef 14.12.9 ***
winnode1 [2019-09-17T19:42:23+00:00] INFO: Platform: x64-mingw32
winnode1 [2019-09-17T19:42:23+00:00] INFO: Chef-client pid: 2292
winnode1 [2019-09-17T19:42:23+00:00] INFO: The plugin path C:\chef\ohai\plugins does not exist. Skipping...
winnode1 [2019-09-17T19:42:27+00:00] INFO: Setting the run_list to [#<Chef::RunList::RunListItem:0x0000000004197a18 @version=nil, @type=:role, @name="test_patch">] from CLI options
winnode1 [2019-09-17T19:42:27+00:00] INFO: Run List is [role[test_patch]]
winnode1 [2019-09-17T19:42:27+00:00] INFO: Run List expands to [selfworx_win_config::patch_apply, selfworx_win_config::restart_node]
winnode1 [2019-09-17T19:42:27+00:00] INFO: Starting Chef Run for winnode1
winnode1 [2019-09-17T19:42:27+00:00] INFO: Running start handlers
winnode1 [2019-09-17T19:42:27+00:00] INFO: Start handlers complete.
winnode1 [2019-09-17T19:42:27+00:00] INFO: Error while reporting run start to Data Collector. URL: https://chefserver.selfworx.com/organizations/selfworx/data-collector Exception: 404 -- 404 "Not Found"  (This is normal if you do not have Chef Automate)
winnode1 resolving cookbooks for run list: ["selfworx_win_config::patch_apply", "selfworx_win_config::restart_node"][0m
winnode1 [2019-09-17T19:42:27+00:00] INFO: Loading cookbooks [selfworx_win_config@0.1.0]
winnode1 Synchronizing Cookbooks:[0m
winnode1 
winnode1   
winnode1 - selfworx_win_config (0.1.0)[0m
winnode1 Installing Cookbook Gems:[0m
winnode1 Compiling Cookbooks...[0m
winnode1 [2019-09-17T19:42:27+00:00] INFO: Downloading patch kb4040974.msu
winnode1 [2019-09-17T19:42:27+00:00] INFO: ---------------outer Patch List  ------------------
winnode1 Converging 7 resources[0m
winnode1 
winnode1 Recipe: selfworx_win_config::patch_apply[0m
winnode1   * directory[C:/Temp/PatchInstall/logs] action create[2019-09-17T19:42:28+00:00] INFO: Processing directory[C:/Temp/PatchInstall/logs] action create (selfworx_win_config::patch_apply line 25)
winnode1  (up to date)
winnode1   * remote_file[c:/chef/cache/kb4040974.msu] action create[2019-09-17T19:42:28+00:00] INFO: Processing remote_file[c:/chef/cache/kb4040974.msu] action create (selfworx_win_config::patch_apply line 34)
winnode1 [2019-09-17T19:42:44+00:00] WARN: remote_file[c:/chef/cache/kb4040974.msu] cannot be downloaded from ftp://1.1.1.74/pub/kb4040974.msu: A connection attempt failed because the connected party did not properly respond after a period of time, or established connection failed because connected host has failed to respond. - connect(2) for 1.1.1.74:21
winnode1 [2019-09-17T19:42:44+00:00] INFO: Retrying execution of remote_file[c:/chef/cache/kb4040974.msu], 2 attempts left
winnode1 [2019-09-17T19:43:06+00:00] WARN: remote_file[c:/chef/cache/kb4040974.msu] cannot be downloaded from ftp://1.1.1.74/pub/kb4040974.msu: A connection attempt failed because the connected party did not properly respond after a period of time, or established connection failed because connected host has failed to respond. - connect(2) for 1.1.1.74:21
winnode1 [2019-09-17T19:43:06+00:00] INFO: Retrying execution of remote_file[c:/chef/cache/kb4040974.msu], 1 attempt left
winnode1 [2019-09-17T19:43:34+00:00] WARN: remote_file[c:/chef/cache/kb4040974.msu] cannot be downloaded from ftp://1.1.1.74/pub/kb4040974.msu: A connection attempt failed because the connected party did not properly respond after a period of time, or established connection failed because connected host has failed to respond. - connect(2) for 1.1.1.74:21
winnode1 [2019-09-17T19:43:34+00:00] INFO: Retrying execution of remote_file[c:/chef/cache/kb4040974.msu], 0 attempt left
winnode1 [2019-09-17T19:44:04+00:00] WARN: remote_file[c:/chef/cache/kb4040974.msu] cannot be downloaded from ftp://1.1.1.74/pub/kb4040974.msu: A connection attempt failed because the connected party did not properly respond after a period of time, or established connection failed because connected host has failed to respond. - connect(2) for 1.1.1.74:21
winnode1 
winnode1     [0m
winnode1     ================================================================================[0m
winnode1     [31mError executing action `create` on resource 'remote_file[c:/chef/cache/kb4040974.msu]'[0m
winnode1     ================================================================================[0m
winnode1     
winnode1 [0m    Errno::ETIMEDOUT[0m
winnode1     ----------------[0m
winnode1     A connection attempt failed because the connected party did not properly respond after a period of time, or established connection failed because connected host has failed to respond. - connect(2) for 1.1.1.74:21[0m
winnode1     
winnode1 [0m    Resource Declaration:[0m
winnode1     ---------------------[0m
winnode1     # In c:/chef/cache/cookbooks/selfworx_win_config/recipes/patch_apply.rb
winnode1 [0m    
winnode1 [0m     34:     remote_file "#{Chef::Config[:file_cache_path]}/#{patch}" do
winnode1 [0m     35:         source "#{patch_remote_loc}/#{patch}"
winnode1 [0m     36: 	    remote_user "anonymous"
winnode1 [0m     37: 	    remote_password ""
winnode1 [0m     38:         retries 3
winnode1 [0m     39:     end
winnode1 [0m     40: #Create a list to be used by powershell
winnode1 [0m    
winnode1 [0m    Compiled Resource:[0m
winnode1     ------------------[0m
winnode1     # Declared in c:/chef/cache/cookbooks/selfworx_win_config/recipes/patch_apply.rb:34:in `block in from_file'
winnode1 [0m    
winnode1 [0m    remote_file("c:/chef/cache/kb4040974.msu") do
winnode1 [0m      action [:create]
winnode1 [0m      default_guard_interpreter :default
winnode1 [0m      source ["ftp://1.1.1.74/pub/kb4040974.msu"]
winnode1 [0m      declared_type :remote_file
winnode1 [0m      cookbook_name "selfworx_win_config"
winnode1 [0m      recipe_name "patch_apply"
winnode1 [0m      remote_user "anonymous"
winnode1 [0m      remote_password "*sensitive value suppressed*"
winnode1 [0m      retries 3
winnode1 [0m      remote_domain nil
winnode1 [0m      path "c:/chef/cache/kb4040974.msu"
winnode1 [0m      rights nil
winnode1 [0m      deny_rights nil
winnode1 [0m      verifications []
winnode1 [0m      headers {}
winnode1 [0m    end
winnode1 [0m    
winnode1 [0m    System Info:[0m
winnode1     ------------[0m
winnode1     chef_version=14.12.9
winnode1 [0m    platform=windows
winnode1 [0m    platform_version=6.3.9600
winnode1 [0m    ruby=ruby 2.5.5p157 (2019-03-15 revision 67260) [x64-mingw32]
winnode1 [0m    program_name=C:/opscode/chef/bin/chef-client
winnode1 [0m    executable=C:/opscode/chef/bin/chef-client[0m
winnode1     
winnode1 [0m[2019-09-17T19:44:04+00:00] INFO: Running queued delayed notifications before re-raising exception
winnode1 [0m
winnode1 Running handlers:[0m
winnode1 [2019-09-17T19:44:04+00:00] ERROR: Running exception handlers
winnode1 Running handlers complete
winnode1 [0m[2019-09-17T19:44:04+00:00] ERROR: Exception handlers complete
winnode1 Chef Client failed. 0 resources updated in 01 minutes 41 seconds[0m
winnode1 [2019-09-17T19:44:04+00:00] FATAL: Stacktrace dumped to c:/chef/cache/chef-stacktrace.out
winnode1 [2019-09-17T19:44:04+00:00] FATAL: Please provide the contents of the stacktrace.out file if you file a bug report
winnode1 [2019-09-17T19:44:04+00:00] FATAL: Errno::ETIMEDOUT: remote_file[c:/chef/cache/kb4040974.msu] (selfworx_win_config::patch_apply line 34) had an error: Errno::ETIMEDOUT: A connection attempt failed because the connected party did not properly respond after a period of time, or established connection failed because connected host has failed to respond. - connect(2) for 1.1.1.74:21
2019-09-17 19:44:00 :: <ERROR> :: Job ID: 1 : Failed to execute Role test_patch on Node winnode1.
Warning: Using a password on the command line interface can be insecure.
2019-09-17 19:44:00 :: <INFO> :: Successfully updated job status 'Failed' with Job ID: 1 in database.
Warning: Using a password on the command line interface can be insecure.
2019-09-17 19:44:00 :: <INFO> :: Task Status successfully marked 'Finished' in database.
