2019-09-17 19:32:02 :: <INFO> :: Initialization Variables set successfully.
2019-09-17 19:32:02 :: <INFO> :: Fetching task details from database.
Warning: Using a password on the command line interface can be insecure.
2019-09-17 19:32:02 :: <INFO> :: Successfully fetched task details from database.
2019-09-17 19:32:02 :: <INFO> :: Fetching role name and node list from data file.
2019-09-17 19:32:02 :: <INFO> :: Successfully fetched role name and node list from data file.
2019-09-17 19:32:02 :: <INFO> :: Creating role to node mapping from data file.
2019-09-17 19:32:02 :: <INFO> :: Finished creating role to node mapping from data file.
Warning: Using a password on the command line interface can be insecure.
2019-09-17 19:32:02 :: <INFO> :: Passing the control over to windows job executor.
2019-09-17 19:32:02 :: <INFO> :: Initialization Variables set successfully in Job Executor.
Warning: Using a password on the command line interface can be insecure.
2019-09-17 19:32:02 :: <INFO> :: Task Status successfully marked 'Running' in database.
2019-09-17 19:32:02 :: <INFO> :: Traversing jobs from role to node mapping file.
2019-09-17 19:32:02 :: <INFO> :: Successfully fetched job id, role name or node name from role to node mapping file.
Warning: Using a password on the command line interface can be insecure.
2019-09-17 19:32:02 :: <INFO> :: Successfully created job with Job ID: 1 in database.
2019-09-17 19:32:03 :: <INFO> :: Successfully found activity directory.
2019-09-17 19:32:37 :: <INFO> :: Job ID: 1 : Executing Role jmd on Node winnode1.
Warning: Using a password on the command line interface can be insecure.
2019-09-17 19:32:37 :: <INFO> :: Successfully updated job status 'Executing' with Job ID: 1 in database.
winnode1 Starting Chef Client, version 14.12.9[0m
winnode1 
winnode1 [2019-09-17T19:33:05+00:00] INFO: *** Chef 14.12.9 ***
winnode1 [2019-09-17T19:33:05+00:00] INFO: Platform: x64-mingw32
winnode1 [2019-09-17T19:33:05+00:00] INFO: Chef-client pid: 1504
winnode1 [2019-09-17T19:33:05+00:00] INFO: The plugin path C:\chef\ohai\plugins does not exist. Skipping...
winnode1 [2019-09-17T19:33:11+00:00] INFO: Setting the run_list to [#<Chef::RunList::RunListItem:0x00000000042615c0 @version=nil, @type=:role, @name="jmd">] from CLI options
winnode1 [2019-09-17T19:33:12+00:00] INFO: Run List is [role[jmd]]
winnode1 [2019-09-17T19:33:12+00:00] INFO: Run List expands to [selfworx_win_config::patch_apply]
winnode1 [2019-09-17T19:33:12+00:00] INFO: Starting Chef Run for winnode1
winnode1 [2019-09-17T19:33:12+00:00] INFO: Running start handlers
winnode1 [2019-09-17T19:33:12+00:00] INFO: Start handlers complete.
winnode1 [2019-09-17T19:33:12+00:00] INFO: Error while reporting run start to Data Collector. URL: https://chefserver.selfworx.com/organizations/selfworx/data-collector Exception: 404 -- 404 "Not Found"  (This is normal if you do not have Chef Automate)
winnode1 resolving cookbooks for run list: ["selfworx_win_config::patch_apply"][0m
winnode1 [2019-09-17T19:33:12+00:00] INFO: Loading cookbooks [selfworx_win_config@0.1.0]
winnode1 Synchronizing Cookbooks:[0m
winnode1 
winnode1   - selfworx_win_config (0.1.0)[0m
winnode1 Installing Cookbook Gems:[0m
winnode1 Compiling Cookbooks...[0m
winnode1 [2019-09-17T19:33:12+00:00] INFO: Downloading patch kb4040974.msu
winnode1 [2019-09-17T19:33:12+00:00] INFO: ---------------outer Patch List  ------------------
winnode1 Converging 6 resources[0m
winnode1 
winnode1 Recipe: selfworx_win_config::patch_apply[0m
winnode1   * directory[C:/Temp/PatchInstall/logs] action create[2019-09-17T19:33:12+00:00] INFO: Processing directory[C:/Temp/PatchInstall/logs] action create (selfworx_win_config::patch_apply line 25)
winnode1  (up to date)
winnode1   * remote_file[c:/chef/cache/kb4040974.msu] action create[2019-09-17T19:33:12+00:00] INFO: Processing remote_file[c:/chef/cache/kb4040974.msu] action create (selfworx_win_config::patch_apply line 34)
winnode1 [2019-09-17T19:33:15+00:00] INFO: remote_file[c:/chef/cache/kb4040974.msu] created file c:/chef/cache/kb4040974.msu
winnode1 
winnode1     [32m- create new file c:/chef/cache/kb4040974.msu[0m
winnode1 [2019-09-17T19:33:16+00:00] INFO: remote_file[c:/chef/cache/kb4040974.msu] updated file contents c:/chef/cache/kb4040974.msu
winnode1 
winnode1     [32m- update content in file c:/chef/cache/kb4040974.msu from none to d8b78e[0m
winnode1     [37m(file sizes exceed 10000000 bytes, diff output suppressed)[0m
winnode1 [0m  * ruby_block[Create List] action run[2019-09-17T19:33:16+00:00] INFO: Processing ruby_block[Create List] action run (selfworx_win_config::patch_apply line 41)
winnode1 [2019-09-17T19:33:16+00:00] INFO: --------------- Patch List "c:/chef/cache/kb4040974.msu" ------------------
winnode1 [2019-09-17T19:33:16+00:00] INFO: ruby_block[Create List] called
winnode1 
winnode1     [32m- execute the ruby block Create List[0m
winnode1 [0m  * ruby_block[Create Template] action create[2019-09-17T19:33:16+00:00] INFO: Processing ruby_block[Create Template] action create (selfworx_win_config::patch_apply line 64)
winnode1 
winnode1   Recipe: <Dynamically Defined Resource>[0m
winnode1     * template[c:/chef/cache\patchApply.ps1] action create[2019-09-17T19:33:16+00:00] INFO: Processing template[c:/chef/cache\patchApply.ps1] action create (dynamically defined)
winnode1 [2019-09-17T19:33:16+00:00] INFO: template[c:/chef/cache\patchApply.ps1] created file c:/chef/cache\patchApply.ps1
winnode1 
winnode1       [32m- create new file c:/chef/cache\patchApply.ps1[0m
winnode1 [2019-09-17T19:33:16+00:00] INFO: template[c:/chef/cache\patchApply.ps1] updated file contents c:/chef/cache\patchApply.ps1
winnode1 
winnode1       [32m- update content in file c:/chef/cache\patchApply.ps1 from none to 6da31f[0m
winnode1       [37m--- c:/chef/cache\patchApply.ps1	2019-09-17 19:33:16.642219500 +0000[0m
winnode1       [37m+++ c:/chef/cache/chef-patchApply20190917-1504-1ls54g2.ps1	2019-09-17 19:33:16.642219500 +0000[0m
winnode1       [37m@@ -1 +1,9 @@[0m
winnode1       [37m+#Get the Patch List [0m
winnode1       [37m+$patchList = "c:/chef/cache/kb4040974.msu"[0m
winnode1       [37m+[0m
winnode1       [37m+#Loop through each list and apply the patch[0m
winnode1       [37m+foreach ($patch in $patchList) {[0m
winnode1       [37m+    $proc = Start-Process "wusa.exe" -verb runas -argumentList "$patch /quiet /norestart" -PassThru[0m
winnode1       [37m+    while(!$proc.HasExited){ sleep -Seconds 1 }[0m
winnode1       [37m+}[0m
winnode1 [0m[2019-09-17T19:33:16+00:00] INFO: ruby_block[Create Template] called
winnode1     [32m- execute the ruby block Create Template[0m
winnode1 [0mRecipe: selfworx_win_config::patch_apply[0m
winnode1   * windows_task[Patch Apply] action create[2019-09-17T19:33:16+00:00] INFO: Processing windows_task[Patch Apply] action create (selfworx_win_config::patch_apply line 77)
winnode1 [2019-09-17T19:33:16+00:00] INFO: windows_task[Patch Apply] task does not need updating and force is not specified - nothing to do
winnode1  (up to date)
winnode1   * windows_task[Patch Apply] action run[2019-09-17T19:33:16+00:00] INFO: Processing windows_task[Patch Apply] action run (selfworx_win_config::patch_apply line 77)
winnode1 
winnode1     [32m- run scheduled task windows_task[Patch Apply][0m
winnode1 [0m  * ruby_block[Waiting for the task to start] action run[2019-09-17T19:33:16+00:00] INFO: Processing ruby_block[Waiting for the task to start] action run (selfworx_win_config::patch_apply line 85)
winnode1 [2019-09-17T19:33:27+00:00] INFO: ruby_block[Waiting for the task to start] called
winnode1 
winnode1     [32m- execute the ruby block Waiting for the task to start[0m
winnode1 [0m
winnode1 [2019-09-17T19:33:27+00:00] INFO: Chef Run complete in 15.697044 seconds
winnode1 [0m
winnode1 
winnode1 Running handlers:[0m
winnode1 [2019-09-17T19:33:27+00:00] INFO: Running report handlers
winnode1 Running handlers complete
winnode1 [0m[2019-09-17T19:33:27+00:00] INFO: Report handlers complete
winnode1 Chef Client finished, 6/8 resources updated in 22 seconds[0m
2019-09-17 19:33:21 :: <INFO> :: Job ID: 1 : Successfully executed Role jmd on Node winnode1.
Warning: Using a password on the command line interface can be insecure.
2019-09-17 19:33:21 :: <INFO> :: Successfully updated job status 'Completed' with Job ID: 1 in database.
Warning: Using a password on the command line interface can be insecure.
2019-09-17 19:33:21 :: <INFO> :: Task Status successfully marked 'Finished' in database.
